== CONTEXT DUMP: 23-web-ui-settings-auth ==
Date: 2026-03-22

== TASK ==
Feature spec 23: Web UI Settings, Auth & Bootstrap
Build the Settings page: control plane URL configuration, API key setup (including bootstrap), BYOL credential management, and GitHub/GitLab OAuth sign-in.

== FEATURE SPEC (from plan/23-web-ui-settings-auth-complete.md) ==

# 23 - Web UI Settings, Auth & Bootstrap

## Goal
Build the Settings page: control plane URL configuration, API key setup (including bootstrap), BYOL credential management, and GitHub/GitLab OAuth sign-in.

## What to build

### Settings page (`web/src/pages/Settings.tsx`)

**Control plane connection**
- Input for control plane URL
- "Test connection" button: GET /health
- Status indicator: connected / unreachable / error

**API key setup**
- If connected but 401 on authenticated call:
  - Check if bootstrap is available (POST /api-keys/bootstrap probe)
  - If bootstrap available: show "Create first API key" button (one-time, with warning about security)
  - If not: show "Enter API key" input
- Input field for API key (masked)
- "Save" stores to localStorage
- Show current key status (valid/invalid)
- Create new key: POST /api-keys with optional label
- List existing keys: GET /api-keys (table with revoke buttons)

**BYOL credentials (identity management)**
- Show credential status: GET /identities/default
  - Has git token: yes/no
  - Has agent token: yes/no
- Token health: GET /identities/default/auth-status
  - Show status badges (healthy, expiring_soon, expired)
  - "Re-authenticate" button for expired tokens
- Set agent token: input field + save (PATCH /identities/default with agent_token)
- Set git token manually: input field + save (PATCH with git_token)

**Git OAuth sign-in**
- "Sign in with GitHub" button -> window.location = `{api}/auth/github?identity_id=default`
- "Sign in with GitLab" button -> window.location = `{api}/auth/gitlab?identity_id=default`
- After redirect back: check URL params for `credentials=github_ok` etc.
- Show success message and refresh credential status
- Handle 503: "OAuth not configured on this server"

**Wake URL (optional)**
- Input for wake URL (stored in localStorage)
- Used when control plane unreachable

**Log retention info**
- Display: "Default log retention: {N} days"
- Note: "Mark sessions as 'retain forever' to prevent auto-deletion"

### Bootstrap safety
- Bootstrap UI only shown after: GET /health succeeds + 401 on authenticated call + explicit probe
- Never show "create key without auth" on every visit
- After first key exists: hide bootstrap entirely

## Dependencies
- Task 22 (web UI foundation — routing, API client, layout)
- Task 05 (API key auth — bootstrap endpoint)
- Task 06 (identity credentials — endpoints)
- Task 07 (OAuth — redirect endpoints)

## Test criteria
- [x] Control plane URL input validates with /health
- [x] Bootstrap flow works: create first key when none exist
- [x] Bootstrap hidden when keys already exist
- [x] API key saved to localStorage and used in subsequent requests
- [x] Credential status shows correctly (has_git_token, has_agent_token)
- [x] Token health status displayed with appropriate badges
- [x] Agent token can be set via input
- [x] GitHub OAuth sign-in redirects to GitHub
- [x] GitLab OAuth sign-in redirects to GitLab
- [x] Post-OAuth redirect shows success and refreshed status
- [x] OAuth 503 shows "not configured" message
- [x] Wake URL stored and available when needed

== RESEARCH: WEB UI CODEBASE (from Explore agent) ==

## Web UI Codebase - Complete Architecture Overview

### 1. Project Structure

```
web/
├── src/
│   ├── components/
│   │   ├── layout/
│   │   │   ├── app-layout.tsx        # Main layout with sidebar, header, outlet
│   │   │   ├── sidebar.tsx            # Navigation sidebar with NavLinks
│   │   │   ├── connection-indicator.tsx # Health status indicator
│   │   │   └── theme-toggle.tsx        # Dark/light mode toggle
│   │   └── ui/
│   │       └── button.tsx              # Base UI button component (CVA variant)
│   ├── hooks/
│   │   └── use-connection-status.ts   # Hook for control plane health checks
│   ├── lib/
│   │   ├── types.ts                    # TypeScript type definitions for API
│   │   ├── config.ts                   # Config context (localStorage for settings)
│   │   ├── api.ts                      # API client with fetch wrapper
│   │   ├── query.ts                    # TanStack React Query hooks
│   │   ├── sse.ts                      # Server-sent events for logs/events
│   │   └── utils.ts                    # Utility helpers (cn() for classNames)
│   ├── pages/
│   │   ├── dashboard.tsx               # Session list page
│   │   ├── session-detail.tsx          # Single session details page
│   │   ├── new-session.tsx             # Create new session (stub)
│   │   ├── workers.tsx                 # Worker list page
│   │   ├── settings.tsx                # Settings form component
│   │   └── settings-wrapper.tsx        # Settings page wrapper (no layout guard)
│   ├── router.tsx                      # React Router configuration
│   ├── App.tsx                         # Root component with providers
│   ├── main.tsx                        # Entry point
│   ├── App.css                         # App styling
│   └── index.css                       # Tailwind + theme colors
├── public/
│   ├── favicon.svg
│   └── icons.svg
├── index.html                          # HTML entry point
├── package.json                        # Dependencies
├── vite.config.ts                      # Vite config
├── tsconfig.json                       # TypeScript config
├── components.json                     # shadcn config
├── eslint.config.js                    # ESLint config
└── README.md
```

### 2. Routing Setup

**Router Configuration** (`src/router.tsx`):
- Uses React Router v7 with `createBrowserRouter`
- Two main route groups:
  1. **Settings route** (unguarded):
     - `/settings` → `SettingsWrapper` (allows config before auth)
  2. **AppLayout routes** (guarded by config check):
     - `/` → Dashboard (default/index route)
     - `/sessions/new` → New Session creation form
     - `/sessions/:id` → Session detail view
     - `/workers` → Workers list

**Layout Guard**:
- `AppLayout` checks `useConfig().isConfigured`
- If not configured (no URL + API key), redirects to `/settings`

### 3. API Client & Hook Patterns

#### API Client (`src/lib/api.ts`):
- Error classes: ApiClientError, NetworkError
- Core request function reads config from localStorage, adds auth header
- Methods: api.get, api.post, api.patch, api.delete, api.sseUrl
- checkHealth() → boolean

#### React Query Hooks (`src/lib/query.ts`):
- Query Client: staleTime 10s, retry 1
- Query hooks: useHealth, useSessions, useSession, useWorkers, useIdentity, useAuthStatus, useApiKeys, usePersonas
- Mutation hooks: useCreateSession, useDeleteSession, useUpdateSession, useSendInput, useUpdateIdentity, useCreateApiKey, useDeleteApiKey, useCreatePersona, useDeleteWorker, useDeleteSessionLogs

#### SSE Hooks (`src/lib/sse.ts`):
- useSSE<T> with auto-reconnect
- useLogStream, useSessionEvents

### 4. Layout & Component Patterns

- AppLayout: flex h-screen with Sidebar + header + main outlet
- Sidebar: fixed width 56 with nav items (Dashboard, Workers, Settings)
- Connection Indicator: health dot + status text
- Button: CVA variants (default, outline, secondary, ghost, destructive, link)
- Sizes: default, xs, sm, lg, icon variants

### 5. Package Dependencies

Production: @base-ui/react, @tanstack/react-query ^5, react ^19, react-router-dom ^7, tailwindcss, shadcn ^4, lucide-react, class-variance-authority, clsx, tailwind-merge
Dev: TypeScript 5.9, Vite 8, ESLint 9, Tailwind CSS 4

### 6. localStorage Keys

- control_plane_url, api_key, wake_url, theme
- ConfigProvider context with useConfig() hook

### 7. TypeScript Types

Full type definitions in types.ts matching Rust api-types crate:
- ID types, enums, PaginatedResponse, sessions, workers, logs, identity, auth, personas, API keys, SSE events

== RESEARCH: SERVER API ENDPOINTS (from Explore agent) ==

### API Key Bootstrap Endpoint
- POST /api-keys/bootstrap - No auth required
- 201: { id, key, label, created_at }
- 403: "Keys already exist"

### API Keys Endpoints
- GET /api-keys - List keys (paginated, no secrets)
- POST /api-keys - Create new key: { label } → { id, key, label, created_at }
- DELETE /api-keys/:id - Revoke key → 204

### Identity/Credentials Endpoints
- GET /identities/:id → { has_git_token, has_agent_token }
- PATCH /identities/:id - body: { agent_token?, git_token?, refresh_token? } → 204
- GET /identities/:id/auth-status → { git_token_status, git_provider?, token_expires_at?, message? }
  - Statuses: not_configured, healthy, expiring_soon, expired_refreshable, expired_needs_reauth

### OAuth Redirect Endpoints
- GET /auth/github?identity_id=default → 302 redirect to GitHub
- GET /auth/github/callback → 302 redirect with credentials
- GET /auth/gitlab?identity_id=default → 302 redirect to GitLab
- GET /auth/gitlab/callback → 302 redirect with credentials
- 503 if OAuth not configured

### Health Endpoint
- GET /health → { status: "ok" }

== EXISTING FILES READ ==

### web/src/pages/settings.tsx (BEFORE - simple form)
Simple form with URL, API key, and wake URL inputs. Just saves to localStorage.

### web/src/lib/api.ts (BEFORE)
- ApiClientError, NetworkError classes
- getConfig() reads from localStorage
- request<T>() with auth header injection
- api.get/post/patch/delete/sseUrl
- checkHealth() → boolean

### web/src/lib/query.ts (BEFORE)
- Full set of query and mutation hooks
- QueryClient with staleTime: 10_000, retry: 1

### web/src/lib/config.ts
- STORAGE_KEYS: controlPlaneUrl, apiKey, wakeUrl, theme
- AppConfig interface
- ConfigProvider with useState + localStorage sync
- useConfig() hook

### web/src/lib/types.ts
- Full TypeScript types matching Rust api-types crate

== CHANGES MADE ==

### 1. web/src/lib/api.ts - Added new functions

Added after existing checkHealth():

```typescript
// testConnection(url) - Test connection to a specific URL, returns "connected" | "unreachable" | "error"
// checkBootstrapAvailable(url) - POST to /api-keys/bootstrap to check if no keys exist
// bootstrapApiKey(url, label) - Create first API key via bootstrap endpoint
// checkApiKeyValid() - Check if current stored API key is valid via GET /api-keys
```

### 2. web/src/lib/query.ts - Added bootstrap mutation

```typescript
import { api, bootstrapApiKey } from "./api";

export function useBootstrapApiKey() {
  const qc = useQueryClient();
  return useMutation({
    mutationFn: (data: { controlPlaneUrl: string; label: string }) =>
      bootstrapApiKey(data.controlPlaneUrl, data.label),
    onSuccess: () => qc.invalidateQueries({ queryKey: queryKeys.apiKeys }),
  });
}
```

### 3. web/src/pages/settings.tsx - Complete rewrite

The settings page now has these sections:

**Reusable components:**
- SectionCard - Bordered card with title
- StatusBadge - Colored badge (green/yellow/red/muted)
- InputField - Labeled input with optional hint

**ConnectionSection:**
- Control plane URL input
- "Test Connection" button that calls testConnection()
- Status indicator: connected (green) / unreachable (red) / error (yellow)
- Auto-saves URL on successful connection
- On connect: validates API key, checks bootstrap availability

**ApiKeySection:**
- Bootstrap flow: shown only when bootstrapAvailable=true
  - Warning banner explaining this is a one-time operation
  - Label input + "Create First API Key" button
  - Shows created key with "Use This Key" button
- Manual API key input (masked) with Save button
- Key validity badge (Valid/Invalid)
- When authenticated: "Manage API Keys" section
  - Create new key with label
  - Table of existing keys with Revoke buttons

**CredentialsSection** (only shown when isConfigured):
- Identity status: git token set/not set, agent token set/not set
- Token health: status badge with color coding
  - healthy → green, expiring_soon → yellow, expired → red
  - Shows provider, expiry date, messages
  - "Re-authenticate" button for expired tokens
- Agent token input + save
- Git token (manual) input + save
- Error message on update failure

**OAuthSection** (only shown when isConfigured):
- OAuth callback result detection via URL params (lazy initializer, not useEffect setState)
- Success/error messages for oauth callbacks
- "Sign in with GitHub" button
- "Sign in with GitLab" button
- Both check for 503 (not configured) before redirecting
- Descriptive text about what OAuth does

**WakeUrlSection:**
- URL input with hint
- Save button with confirmation feedback

**LogRetentionSection:**
- Static display: "Default log retention: 30 days"
- Note about retain_forever

**Main SettingsPage component:**
- Manages state for URL, key, wake URL
- connectionStatus, testing, keyValid, bootstrapAvailable state
- handleTestConnection: tests connection, saves URL, checks key validity, checks bootstrap
- handleSaveApiKey: saves to localStorage, re-validates
- Auto-tests connection on mount if URL is configured
- Layout: max-w-2xl centered, sections stacked vertically

== LINT FIX ==
Initial lint error: "Calling setState synchronously within an effect" in OAuthSection.
Fixed by extracting getInitialOAuthMessage() as a lazy initializer for useState instead of using useEffect + setState.

== BUILD RESULTS ==
- TypeScript: passed (npx tsc --noEmit)
- ESLint: passed (0 errors)
- Vite build: passed (197ms, 385.66 kB JS gzip 119.95 kB)
- Cargo check: passed (pre-existing warning about unused detect_sentinel only)

== TECH STACK CONTEXT (from docs/TECH_STACK.md) ==

Web UI stack: React + TypeScript, Vite, TanStack Query, SSE, Tailwind CSS + shadcn/ui
Client-only API access: SPA with browser-based REST + SSE to control plane URL
UI security: API key in localStorage, high-trust surface, CSP, HTTPS
Auth: API key only in v1, no OIDC/mTLS
Config: control_plane_url and api_key in localStorage
Repo layout: Rust monorepo with web/ for UI

== FILES MODIFIED ==
1. web/src/lib/api.ts - Added testConnection, checkBootstrapAvailable, bootstrapApiKey, checkApiKeyValid
2. web/src/lib/query.ts - Added useBootstrapApiKey mutation, updated import
3. web/src/pages/settings.tsx - Complete rewrite with all settings sections

== SPEC STATUS ==
Renamed: plan/23-web-ui-settings-auth-pending.md → plan/23-web-ui-settings-auth-complete.md
